<?xml version="1.0" encoding="UTF-8"?>
<testng-results ignored="0" total="2" passed="2" failed="0" skipped="0">
  <reporter-output>
  </reporter-output>
  <suite started-at="2022-10-17T23:32:05 IST" name="Suite" finished-at="2022-10-17T23:33:00 IST" duration-ms="54475">
    <groups>
    </groups>
    <test started-at="2022-10-17T23:32:05 IST" name="Test" finished-at="2022-10-17T23:33:00 IST" duration-ms="54475">
      <class name="TestCases.TC_AddtocartTest_003">
        <test-method is-config="true" signature="setup()[pri:0, instance:TestCases.TC_AddtocartTest_003@478db956]" started-at="2022-10-17T23:32:44 IST" name="setup" finished-at="2022-10-17T23:32:50 IST" duration-ms="5881" status="PASS">
          <reporter-output>
          </reporter-output>
        </test-method> <!-- setup -->
        <test-method signature="Addtocart()[pri:0, instance:TestCases.TC_AddtocartTest_003@478db956]" started-at="2022-10-17T23:32:50 IST" name="Addtocart" finished-at="2022-10-17T23:32:59 IST" duration-ms="9391" status="PASS">
          <reporter-output>
          </reporter-output>
        </test-method> <!-- Addtocart -->
        <test-method is-config="true" signature="tearDown()[pri:0, instance:TestCases.TC_AddtocartTest_003@478db956]" started-at="2022-10-17T23:32:59 IST" name="tearDown" finished-at="2022-10-17T23:33:00 IST" duration-ms="474" status="PASS">
          <reporter-output>
          </reporter-output>
        </test-method> <!-- tearDown -->
      </class> <!-- TestCases.TC_AddtocartTest_003 -->
      <class name="TestCases.TC_LoginTest_001">
        <test-method is-config="true" signature="setup()[pri:0, instance:TestCases.TC_LoginTest_001@72d6b3ba]" started-at="2022-10-17T23:32:06 IST" name="setup" finished-at="2022-10-17T23:32:36 IST" duration-ms="30795" status="PASS">
          <reporter-output>
          </reporter-output>
        </test-method> <!-- setup -->
        <test-method signature="loginTest()[pri:0, instance:TestCases.TC_LoginTest_001@72d6b3ba]" started-at="2022-10-17T23:32:36 IST" name="loginTest" finished-at="2022-10-17T23:32:42 IST" duration-ms="5806" status="PASS">
          <reporter-output>
          </reporter-output>
        </test-method> <!-- loginTest -->
        <test-method is-config="true" signature="tearDown()[pri:0, instance:TestCases.TC_LoginTest_001@72d6b3ba]" started-at="2022-10-17T23:32:42 IST" name="tearDown" finished-at="2022-10-17T23:32:44 IST" duration-ms="1791" status="PASS">
          <reporter-output>
          </reporter-output>
        </test-method> <!-- tearDown -->
      </class> <!-- TestCases.TC_LoginTest_001 -->
    </test> <!-- Test -->
  </suite> <!-- Suite -->
</testng-results>
